[11:30:22] [Client thread/INFO]: Setting user: Player955
[11:30:24] [Client thread/INFO]: [OptiFine] *** Reflector Forge ***
[11:30:24] [Client thread/INFO]: [OptiFine] (Reflector) Class not present: net.minecraftforge.client.model.Attributes
[11:30:24] [Client thread/INFO]: [OptiFine] (Reflector) Class not present: mods.betterfoliage.client.BetterFoliageClient
[11:30:24] [Client thread/INFO]: [OptiFine] (Reflector) Class not present: net.minecraftforge.fml.common.asm.transformers.BlamingTransformer
[11:30:24] [Client thread/INFO]: [OptiFine] (Reflector) Class not present: net.minecraftforge.event.world.ChunkWatchEvent$UnWatch
[11:30:24] [Client thread/INFO]: [OptiFine] (Reflector) Class not present: net.minecraftforge.fml.relauncher.CoreModManager
[11:30:24] [Client thread/INFO]: [OptiFine] (Reflector) Class not present: net.minecraftforge.common.DimensionManager
[11:30:24] [Client thread/INFO]: [OptiFine] (Reflector) Class not present: net.minecraftforge.client.event.GuiScreenEvent$DrawScreenEvent$Pre
[11:30:24] [Client thread/INFO]: [OptiFine] (Reflector) Class not present: net.minecraftforge.client.event.GuiScreenEvent$DrawScreenEvent$Post
[11:30:24] [Client thread/INFO]: [OptiFine] (Reflector) Class not present: net.minecraftforge.client.event.EntityViewRenderEvent$CameraSetup
[11:30:24] [Client thread/INFO]: [OptiFine] (Reflector) Class not present: net.minecraftforge.client.event.EntityViewRenderEvent$FogColors
[11:30:24] [Client thread/INFO]: [OptiFine] (Reflector) Class not present: net.minecraftforge.client.event.EntityViewRenderEvent$RenderFogEvent
[11:30:24] [Client thread/INFO]: [OptiFine] (Reflector) Class not present: net.minecraftforge.fml.common.eventhandler.Event
[11:30:24] [Client thread/INFO]: [OptiFine] (Reflector) Class not present: net.minecraftforge.fml.common.eventhandler.EventBus
[11:30:24] [Client thread/INFO]: [OptiFine] (Reflector) Class not present: net.minecraftforge.fml.common.eventhandler.Event$Result
[11:30:24] [Client thread/INFO]: [OptiFine] (Reflector) Class not present: net.minecraftforge.common.property.ExtendedBlockState
[11:30:24] [Client thread/INFO]: [OptiFine] (Reflector) Class not present: net.minecraftforge.fml.client.FMLClientHandler
[11:30:24] [Client thread/INFO]: [OptiFine] (Reflector) Class not present: net.minecraftforge.fml.common.FMLCommonHandler
[11:30:24] [Client thread/INFO]: [OptiFine] (Reflector) Method not present: net.minecraft.world.biome.Biome.getWaterColorMultiplier
[11:30:24] [Client thread/INFO]: [OptiFine] (Reflector) Method not present: net.minecraft.block.Block.addDestroyEffects
[11:30:24] [Client thread/INFO]: [OptiFine] (Reflector) Method not present: net.minecraft.block.Block.addHitEffects
[11:30:24] [Client thread/INFO]: [OptiFine] (Reflector) Method not present: net.minecraft.block.Block.canCreatureSpawn
[11:30:24] [Client thread/INFO]: [OptiFine] (Reflector) Method not present: net.minecraft.block.Block.canRenderInLayer
[11:30:24] [Client thread/INFO]: [OptiFine] (Reflector) Method not present: net.minecraft.block.Block.doesSideBlockRendering
[11:30:24] [Client thread/INFO]: [OptiFine] (Reflector) Method not present: net.minecraft.block.Block.getBedDirection
[11:30:24] [Client thread/INFO]: [OptiFine] (Reflector) Method not present: net.minecraft.block.Block.getExtendedState
[11:30:24] [Client thread/INFO]: [OptiFine] (Reflector) Method not present: net.minecraft.block.Block.getFogColor
[11:30:24] [Client thread/INFO]: [OptiFine] (Reflector) Method not present: net.minecraft.block.Block.getLightOpacity
[11:30:24] [Client thread/INFO]: [OptiFine] (Reflector) Method not present: net.minecraft.block.Block.getLightValue
[11:30:24] [Client thread/INFO]: [OptiFine] (Reflector) Method not present: net.minecraft.block.Block.getSoundType
[11:30:24] [Client thread/INFO]: [OptiFine] (Reflector) Method not present: net.minecraft.block.Block.hasTileEntity
[11:30:24] [Client thread/INFO]: [OptiFine] (Reflector) Method not present: net.minecraft.block.Block.isAir
[11:30:24] [Client thread/INFO]: [OptiFine] (Reflector) Method not present: net.minecraft.block.Block.isBed
[11:30:24] [Client thread/INFO]: [OptiFine] (Reflector) Method not present: net.minecraft.block.Block.isBedFoot
[11:30:24] [Client thread/INFO]: [OptiFine] (Reflector) Method not present: net.minecraft.block.Block.isSideSolid
[11:30:24] [Client thread/INFO]: [OptiFine] (Reflector) Method not present: net.minecraft.block.state.IBlockProperties.getLightValue
[11:30:24] [Client thread/INFO]: [OptiFine] (Reflector) Method not present: net.minecraft.world.ChunkCache.isSideSolid
[11:30:24] [Client thread/INFO]: [OptiFine] (Reflector) Method not present: net.minecraft.entity.Entity.canRiderInteract
[11:30:24] [Client thread/INFO]: [OptiFine] (Reflector) Field not present: net.minecraft.entity.Entity.captureDrops
[11:30:24] [Client thread/INFO]: [OptiFine] (Reflector) Field not present: net.minecraft.entity.Entity.capturedDrops
[11:30:24] [Client thread/INFO]: [OptiFine] (Reflector) Method not present: net.minecraft.entity.Entity.shouldRenderInPass
[11:30:24] [Client thread/INFO]: [OptiFine] (Reflector) Method not present: net.minecraft.entity.Entity.shouldRiderSit
[11:30:24] [Client thread/INFO]: [OptiFine] (Reflector) Class not present: net.minecraftforge.event.ForgeEventFactory
[11:30:24] [Client thread/INFO]: [OptiFine] (Reflector) Class not present: net.minecraftforge.common.ForgeHooks
[11:30:24] [Client thread/INFO]: [OptiFine] (Reflector) Class not present: net.minecraftforge.client.ForgeHooksClient
[11:30:24] [Client thread/INFO]: [OptiFine] (Reflector) Field not present: net.minecraft.item.Item.delegate
[11:30:24] [Client thread/INFO]: [OptiFine] (Reflector) Method not present: net.minecraft.item.Item.getDurabilityForDisplay
[11:30:24] [Client thread/INFO]: [OptiFine] (Reflector) Method not present: net.minecraft.item.Item.getRGBDurabilityForDisplay
[11:30:24] [Client thread/INFO]: [OptiFine] (Reflector) Method not present: net.minecraft.item.Item.isShield
[11:30:24] [Client thread/INFO]: [OptiFine] (Reflector) Method not present: net.minecraft.item.Item.onEntitySwing
[11:30:24] [Client thread/INFO]: [OptiFine] (Reflector) Method not present: net.minecraft.item.Item.shouldCauseReequipAnimation
[11:30:24] [Client thread/INFO]: [OptiFine] (Reflector) Method not present: net.minecraft.item.Item.showDurabilityBar
[11:30:24] [Client thread/INFO]: [OptiFine] (Reflector) Method not present: net.minecraft.client.renderer.block.model.ItemOverrideList.handleItemState
[11:30:24] [Client thread/INFO]: [OptiFine] (Reflector) Method not present: net.minecraft.item.ItemArmor.hasOverlay
[11:30:24] [Client thread/INFO]: [OptiFine] (Reflector) Method not present: net.minecraft.client.settings.KeyBinding.setKeyConflictContext
[11:30:24] [Client thread/INFO]: [OptiFine] (Reflector) Method not present: net.minecraft.client.settings.KeyBinding.setKeyModifierAndCode
[11:30:24] [Client thread/INFO]: [OptiFine] (Reflector) Method not present: net.minecraft.client.settings.KeyBinding.getKeyModifier
[11:30:24] [Client thread/INFO]: [OptiFine] (Reflector) Class not present: net.minecraftforge.common.ForgeModContainer
[11:30:24] [Client thread/INFO]: [OptiFine] (Reflector) Method not present: net.minecraft.client.renderer.block.model.ModelBlockDefinition.parseFromReader
[11:30:24] [Client thread/INFO]: [OptiFine] (Reflector) Method not present: net.minecraft.potion.Potion.shouldRenderHUD
[11:30:24] [Client thread/INFO]: [OptiFine] (Reflector) Method not present: net.minecraft.potion.Potion.renderHUDEffect
[11:30:24] [Client thread/INFO]: [OptiFine] (Reflector) Method not present: net.minecraft.potion.PotionEffect.isCurativeItem
[11:30:24] [Client thread/INFO]: [OptiFine] (Reflector) Method not present: net.minecraft.tileentity.TileEntity.canRenderBreaking
[11:30:24] [Client thread/INFO]: [OptiFine] (Reflector) Method not present: net.minecraft.tileentity.TileEntity.getRenderBoundingBox
[11:30:24] [Client thread/INFO]: [OptiFine] (Reflector) Method not present: net.minecraft.tileentity.TileEntity.hasFastRenderer
[11:30:24] [Client thread/INFO]: [OptiFine] (Reflector) Method not present: net.minecraft.tileentity.TileEntity.shouldRenderInPass
[11:30:24] [Client thread/INFO]: [OptiFine] (Reflector) Method not present: net.minecraft.client.renderer.vertex.VertexFormatElement$EnumUsage.preDraw
[11:30:24] [Client thread/INFO]: [OptiFine] (Reflector) Method not present: net.minecraft.client.renderer.vertex.VertexFormatElement$EnumUsage.postDraw
[11:30:24] [Client thread/INFO]: [OptiFine] (Reflector) Method not present: net.minecraft.world.World.countEntities
[11:30:24] [Client thread/INFO]: [OptiFine] (Reflector) Method not present: net.minecraft.world.World.getPerWorldStorage
[11:30:24] [Client thread/INFO]: [OptiFine] (Reflector) Method not present: net.minecraft.world.World.initCapabilities
[11:30:24] [Client thread/INFO]: [OptiFine] (Reflector) Method not present: net.minecraft.world.WorldProvider.getCloudRenderer
[11:30:24] [Client thread/INFO]: [OptiFine] (Reflector) Method not present: net.minecraft.world.WorldProvider.getSkyRenderer
[11:30:24] [Client thread/INFO]: [OptiFine] (Reflector) Method not present: net.minecraft.world.WorldProvider.getWeatherRenderer
[11:30:24] [Client thread/INFO]: [OptiFine] (Reflector) Method not present: net.minecraft.world.WorldProvider.getLightmapColors
[11:30:24] [Client thread/INFO]: [OptiFine] (Reflector) Class not present: net.minecraftforge.fml.client.GuiModList
[11:30:24] [Client thread/INFO]: [OptiFine] (Reflector) Class not present: net.minecraftforge.common.property.IExtendedBlockState
[11:30:24] [Client thread/INFO]: [OptiFine] (Reflector) Class not present: net.minecraftforge.client.model.IModel
[11:30:24] [Client thread/INFO]: [OptiFine] (Reflector) Class not present: net.minecraftforge.client.IRenderHandler
[11:30:24] [Client thread/INFO]: [OptiFine] (Reflector) Class not present: net.minecraftforge.client.ItemModelMesherForge
[11:30:24] [Client thread/INFO]: [OptiFine] (Reflector) Class not present: net.minecraftforge.client.settings.KeyConflictContext
[11:30:24] [Client thread/INFO]: [OptiFine] (Reflector) Class not present: net.minecraftforge.client.settings.KeyModifier
[11:30:24] [Client thread/INFO]: [OptiFine] (Reflector) Class not present: net.minecraft.launchwrapper.Launch
[11:30:24] [Client thread/INFO]: [OptiFine] (Reflector) Class not present: net.minecraftforge.client.model.pipeline.LightUtil
[11:30:24] [Client thread/INFO]: [OptiFine] (Reflector) Class not present: net.minecraftforge.common.MinecraftForge
[11:30:24] [Client thread/INFO]: [OptiFine] (Reflector) Class not present: net.minecraftforge.client.MinecraftForgeClient
[11:30:24] [Client thread/INFO]: [OptiFine] (Reflector) Class not present: net.minecraftforge.client.model.ModelLoader
[11:30:24] [Client thread/INFO]: [OptiFine] (Reflector) Class not present: net.minecraftforge.client.gui.NotificationModUpdateScreen
[11:30:24] [Client thread/INFO]: [OptiFine] (Reflector) Class not present: net.minecraftforge.client.event.RenderBlockOverlayEvent$OverlayType
[11:30:24] [Client thread/INFO]: [OptiFine] (Reflector) Class not present: net.minecraftforge.fml.client.registry.RenderingRegistry
[11:30:24] [Client thread/INFO]: [OptiFine] (Reflector) Class not present: net.minecraftforge.client.event.RenderItemInFrameEvent
[11:30:24] [Client thread/INFO]: [OptiFine] (Reflector) Class not present: net.minecraftforge.client.event.RenderLivingEvent$Pre
[11:30:24] [Client thread/INFO]: [OptiFine] (Reflector) Class not present: net.minecraftforge.client.event.RenderLivingEvent$Post
[11:30:24] [Client thread/INFO]: [OptiFine] (Reflector) Class not present: net.minecraftforge.client.event.RenderLivingEvent$Specials$Pre
[11:30:24] [Client thread/INFO]: [OptiFine] (Reflector) Class not present: net.minecraftforge.client.event.RenderLivingEvent$Specials$Post
[11:30:24] [Client thread/INFO]: [OptiFine] (Reflector) Class not present: net.minecraftforge.client.event.ScreenshotEvent
[11:30:24] [Client thread/INFO]: [OptiFine] (Reflector) Class not present: net.minecraftforge.fml.client.SplashProgress
[11:30:24] [Client thread/INFO]: [OptiFine] (Reflector) Class not present: net.minecraftforge.event.world.WorldEvent$Load
[11:30:24] [Client thread/INFO]: [OptiFine] *** Reflector Vanilla ***
[11:30:24] [Client thread/INFO]: [OptiFine] (Reflector) Class not present: optifine.OptiFineClassTransformer
[11:30:24] [Client thread/WARN]: Skipping bad option: lastServer:
[11:30:24] [Client thread/INFO]: LWJGL Version: 2.9.4
[11:30:24] [Client thread/INFO]: [OptiFine] 
[11:30:24] [Client thread/INFO]: [OptiFine] OptiFine_1.12.2_HD_U_C6
[11:30:24] [Client thread/INFO]: [OptiFine] Build: null
[11:30:24] [Client thread/INFO]: [OptiFine] OS: Windows 10 (amd64) version 10.0
[11:30:24] [Client thread/INFO]: [OptiFine] Java: 1.8.0_301, Oracle Corporation
[11:30:24] [Client thread/INFO]: [OptiFine] VM: Java HotSpot(TM) 64-Bit Server VM (mixed mode), Oracle Corporation
[11:30:24] [Client thread/INFO]: [OptiFine] LWJGL: 2.9.4
[11:30:24] [Client thread/INFO]: [OptiFine] OpenGL: Intel(R) UHD Graphics 620, version 4.6.0 - Build 27.20.100.8935, Intel
[11:30:24] [Client thread/INFO]: [OptiFine] OpenGL Version: 4.6.0
[11:30:24] [Client thread/INFO]: [OptiFine] OpenGL Fancy fog: Not available (GL_NV_fog_distance)
[11:30:25] [Client thread/INFO]: [OptiFine] Maximum texture size: 16384x16384
[11:30:25] [Thread-3/INFO]: [OptiFine] Checking for new version
[11:30:25] [Client thread/INFO]: [Shaders] ShadersMod version: 2.4.12
[11:30:25] [Client thread/INFO]: [Shaders] OpenGL Version: 4.6.0 - Build 27.20.100.8935
[11:30:25] [Client thread/INFO]: [Shaders] Vendor:  Intel
[11:30:25] [Client thread/INFO]: [Shaders] Renderer: Intel(R) UHD Graphics 620
[11:30:25] [Client thread/INFO]: [Shaders] Capabilities:  2.0  2.1  3.0  3.2  4.0 
[11:30:25] [Client thread/INFO]: [Shaders] GL_MAX_DRAW_BUFFERS: 8
[11:30:25] [Client thread/INFO]: [Shaders] GL_MAX_COLOR_ATTACHMENTS_EXT: 8
[11:30:25] [Client thread/INFO]: [Shaders] GL_MAX_TEXTURE_IMAGE_UNITS: 32
[11:30:25] [Client thread/INFO]: [Shaders] Load ShadersMod configuration.
[11:30:25] [Client thread/INFO]: [Shaders] Save ShadersMod configuration.
[11:30:25] [Client thread/INFO]: [Shaders] No shaderpack loaded.
[11:30:25] [Client thread/INFO]: Reloading ResourceManager: Default
[11:30:25] [Client thread/INFO]: [OptiFine] *** Reloading textures ***
[11:30:25] [Client thread/INFO]: [OptiFine] Resource packs: Default
[11:30:25] [Thread-3/INFO]: [OptiFine] Version found: G5
[11:30:26] [Sound Library Loader/INFO]: Starting up SoundSystem...
[11:30:26] [Thread-4/INFO]: Initializing LWJGL OpenAL
[11:30:26] [Thread-4/INFO]: (The LWJGL binding of OpenAL.  For more information, see http://www.lwjgl.org)
[11:30:26] [Thread-4/INFO]: OpenAL initialized.
[11:30:26] [Sound Library Loader/INFO]: Sound engine started
[11:30:28] [Client thread/INFO]: [OptiFine] Mipmap levels: 4
[11:30:28] [Client thread/INFO]: [OptiFine] Multitexture: false
[11:30:28] [Client thread/INFO]: [OptiFine] ConnectedTextures: mcpatcher/ctm/default/0_glass_white/glass_pane_white.properties
[11:30:28] [Client thread/INFO]: [OptiFine] ConnectedTextures: mcpatcher/ctm/default/0_glass_white/glass_white.properties
[11:30:28] [Client thread/INFO]: [OptiFine] ConnectedTextures: mcpatcher/ctm/default/10_glass_purple/glass_pane_purple.properties
[11:30:28] [Client thread/INFO]: [OptiFine] ConnectedTextures: mcpatcher/ctm/default/10_glass_purple/glass_purple.properties
[11:30:28] [Client thread/INFO]: [OptiFine] ConnectedTextures: mcpatcher/ctm/default/11_glass_blue/glass_blue.properties
[11:30:28] [Client thread/INFO]: [OptiFine] ConnectedTextures: mcpatcher/ctm/default/11_glass_blue/glass_pane_blue.properties
[11:30:28] [Client thread/INFO]: [OptiFine] ConnectedTextures: mcpatcher/ctm/default/12_glass_brown/glass_brown.properties
[11:30:28] [Client thread/INFO]: [OptiFine] ConnectedTextures: mcpatcher/ctm/default/12_glass_brown/glass_pane_brown.properties
[11:30:28] [Client thread/INFO]: [OptiFine] ConnectedTextures: mcpatcher/ctm/default/13_glass_green/glass_green.properties
[11:30:28] [Client thread/INFO]: [OptiFine] ConnectedTextures: mcpatcher/ctm/default/13_glass_green/glass_pane_green.properties
[11:30:28] [Client thread/INFO]: [OptiFine] ConnectedTextures: mcpatcher/ctm/default/14_glass_red/glass_pane_red.properties
[11:30:28] [Client thread/INFO]: [OptiFine] ConnectedTextures: mcpatcher/ctm/default/14_glass_red/glass_red.properties
[11:30:28] [Client thread/INFO]: [OptiFine] ConnectedTextures: mcpatcher/ctm/default/15_glass_black/glass_black.properties
[11:30:28] [Client thread/INFO]: [OptiFine] ConnectedTextures: mcpatcher/ctm/default/15_glass_black/glass_pane_black.properties
[11:30:28] [Client thread/INFO]: [OptiFine] ConnectedTextures: mcpatcher/ctm/default/1_glass_orange/glass_orange.properties
[11:30:28] [Client thread/INFO]: [OptiFine] ConnectedTextures: mcpatcher/ctm/default/1_glass_orange/glass_pane_orange.properties
[11:30:28] [Client thread/INFO]: [OptiFine] ConnectedTextures: mcpatcher/ctm/default/2_glass_magenta/glass_magenta.properties
[11:30:28] [Client thread/INFO]: [OptiFine] ConnectedTextures: mcpatcher/ctm/default/2_glass_magenta/glass_pane_magenta.properties
[11:30:28] [Client thread/INFO]: [OptiFine] ConnectedTextures: mcpatcher/ctm/default/3_glass_light_blue/glass_light_blue.properties
[11:30:28] [Client thread/INFO]: [OptiFine] ConnectedTextures: mcpatcher/ctm/default/3_glass_light_blue/glass_pane_light_blue.properties
[11:30:28] [Client thread/INFO]: [OptiFine] ConnectedTextures: mcpatcher/ctm/default/4_glass_yellow/glass_pane_yellow.properties
[11:30:28] [Client thread/INFO]: [OptiFine] ConnectedTextures: mcpatcher/ctm/default/4_glass_yellow/glass_yellow.properties
[11:30:28] [Client thread/INFO]: [OptiFine] ConnectedTextures: mcpatcher/ctm/default/5_glass_lime/glass_lime.properties
[11:30:28] [Client thread/INFO]: [OptiFine] ConnectedTextures: mcpatcher/ctm/default/5_glass_lime/glass_pane_lime.properties
[11:30:28] [Client thread/INFO]: [OptiFine] ConnectedTextures: mcpatcher/ctm/default/6_glass_pink/glass_pane_pink.properties
[11:30:28] [Client thread/INFO]: [OptiFine] ConnectedTextures: mcpatcher/ctm/default/6_glass_pink/glass_pink.properties
[11:30:28] [Client thread/INFO]: [OptiFine] ConnectedTextures: mcpatcher/ctm/default/7_glass_gray/glass_gray.properties
[11:30:28] [Client thread/INFO]: [OptiFine] ConnectedTextures: mcpatcher/ctm/default/7_glass_gray/glass_pane_gray.properties
[11:30:28] [Client thread/INFO]: [OptiFine] ConnectedTextures: mcpatcher/ctm/default/8_glass_silver/glass_pane_silver.properties
[11:30:28] [Client thread/INFO]: [OptiFine] ConnectedTextures: mcpatcher/ctm/default/8_glass_silver/glass_silver.properties
[11:30:28] [Client thread/INFO]: [OptiFine] ConnectedTextures: mcpatcher/ctm/default/9_glass_cyan/glass_cyan.properties
[11:30:28] [Client thread/INFO]: [OptiFine] ConnectedTextures: mcpatcher/ctm/default/9_glass_cyan/glass_pane_cyan.properties
[11:30:28] [Client thread/INFO]: [OptiFine] ConnectedTextures: mcpatcher/ctm/default/bookshelf.properties
[11:30:28] [Client thread/INFO]: [OptiFine] ConnectedTextures: mcpatcher/ctm/default/glass.properties
[11:30:28] [Client thread/INFO]: [OptiFine] ConnectedTextures: mcpatcher/ctm/default/glasspane.properties
[11:30:28] [Client thread/INFO]: [OptiFine] ConnectedTextures: mcpatcher/ctm/default/sandstone.properties
[11:30:28] [Client thread/INFO]: [OptiFine] Multipass connected textures: false
[11:30:28] [Client thread/INFO]: [OptiFine] BetterGrass: Parsing default configuration optifine/bettergrass.properties
[11:30:31] [Client thread/INFO]: Created: 1024x512 textures-atlas
[11:30:32] [Client thread/INFO]: Narrator library for x64 successfully loaded
[11:30:33] [Client thread/INFO]: [OptiFine] *** Reloading custom textures ***
[11:30:34] [Realms Notification Availability checker #1/INFO]: Could not authorize you against Realms server: Invalid session id
[11:31:03] [Server thread/INFO]: Starting integrated minecraft server version 1.12.2
[11:31:03] [Server thread/INFO]: Generating keypair
[11:31:03] [Server thread/INFO]: Loaded 488 advancements
[11:31:03] [Server thread/INFO]: Preparing start region for level 0
[11:31:04] [Server thread/INFO]: Preparing spawn area: 81%
[11:31:04] [Server thread/INFO]: Changing view distance to 5, from 10
[11:31:06] [Server thread/INFO]: Player955[local:E:adb0e24a] logged in with entity id 207 at (566.7936297110963, 69.0, 193.57477724696403)
[11:31:06] [Server thread/INFO]: Player955 joined the game
[11:31:07] [Server thread/INFO]: Saving and pausing game...
[11:31:07] [Client thread/INFO]: [CHAT] A new §eOptiFine§f version is available: §eHD Ultra G5§f
[11:31:07] [Server thread/INFO]: Saving chunks for level 'mcpworld'/overworld
[11:31:07] [Server thread/INFO]: Saving chunks for level 'mcpworld'/the_nether
[11:31:07] [Server thread/INFO]: Saving chunks for level 'mcpworld'/the_end
[11:31:21] [Server thread/INFO]: Saving and pausing game...
[11:31:21] [Server thread/INFO]: Saving chunks for level 'mcpworld'/overworld
[11:31:21] [Server thread/INFO]: Saving chunks for level 'mcpworld'/the_nether
[11:31:21] [Server thread/INFO]: Saving chunks for level 'mcpworld'/the_end
[11:35:36] [Server thread/INFO]: [Player955: Game rule DoDayLightCycle has been updated to false]
[11:35:36] [Client thread/INFO]: [CHAT] Game rule DoDayLightCycle has been updated to false
[11:35:41] [Server thread/INFO]: [Player955: Set the time to 100]
[11:35:41] [Client thread/INFO]: [CHAT] Set the time to 100
[11:35:49] [Server thread/INFO]: [Player955: Set own game mode to Creative Mode]
[11:35:49] [Client thread/INFO]: [CHAT] Your game mode has been updated to Creative Mode
[11:35:52] [Server thread/INFO]: Saving and pausing game...
[11:35:52] [Server thread/INFO]: Saving chunks for level 'mcpworld'/overworld
[11:35:52] [Server thread/INFO]: Saving chunks for level 'mcpworld'/the_nether
[11:35:52] [Server thread/INFO]: Saving chunks for level 'mcpworld'/the_end
[11:36:15] [Server thread/INFO]: [Player955: Set own game mode to Survival Mode]
[11:36:15] [Client thread/INFO]: [CHAT] Your game mode has been updated to Survival Mode
[11:36:18] [Server thread/WARN]: Player955 moved wrongly!
[11:36:26] [Client thread/INFO]: Loaded 7 advancements
[11:36:51] [Server thread/INFO]: Saving and pausing game...
[11:36:51] [Server thread/INFO]: Saving chunks for level 'mcpworld'/overworld
[11:36:52] [Server thread/INFO]: Saving chunks for level 'mcpworld'/the_nether
[11:36:52] [Server thread/INFO]: Saving chunks for level 'mcpworld'/the_end
[11:40:03] [Server thread/INFO]: Saving and pausing game...
[11:40:03] [Server thread/INFO]: Saving chunks for level 'mcpworld'/overworld
[11:40:03] [Server thread/INFO]: Saving chunks for level 'mcpworld'/the_nether
[11:40:03] [Server thread/INFO]: Saving chunks for level 'mcpworld'/the_end
[11:41:24] [Server thread/INFO]: Saving and pausing game...
[11:41:24] [Server thread/INFO]: Saving chunks for level 'mcpworld'/overworld
[11:41:24] [Server thread/INFO]: Saving chunks for level 'mcpworld'/the_nether
[11:41:24] [Server thread/INFO]: Saving chunks for level 'mcpworld'/the_end
